09:59:22.250 INFO  --- [restartedMain] c.l.e.Lcomputerspring3Application : Starting Lcomputerspring3Application using Java 17.0.5 on L1 with PID 11224 (C:\Users\L1A\Documents\work12\lcomputerspring3\bin\main started by L1A in C:\Users\L1A\Documents\work12\lcomputerspring3) 
09:59:22.251 DEBUG --- [restartedMain] c.l.e.Lcomputerspring3Application : Running with Spring Boot v2.7.10, Spring v5.3.26 
09:59:22.252 INFO  --- [restartedMain] c.l.e.Lcomputerspring3Application : No active profile set, falling back to 1 default profile: "default" 
09:59:23.885 INFO  --- [restartedMain] c.l.e.Lcomputerspring3Application : Started Lcomputerspring3Application in 1.975 seconds (JVM running for 2.644) 
09:59:33.124 DEBUG --- [http-nio-8080-exec-2] c.l.e.m.BoardMapper.selectBoardList : ==>  Preparing: SELECT b_id as bId, b_title as bTitle, b_content as bContent, b_writer as bWriter FROM lc_board 
09:59:33.141 DEBUG --- [http-nio-8080-exec-2] c.l.e.m.BoardMapper.selectBoardList : ==> Parameters:  
09:59:33.152 DEBUG --- [http-nio-8080-exec-2] c.l.e.m.BoardMapper.selectBoardList : <==      Total: 0 
09:59:55.364 DEBUG --- [http-nio-8080-exec-5] c.l.e.mapper.UserMapper.readUser : ==>  Preparing: SELECT u_id as username, u_password as password, u_name as uName, u_isAccountNonExpired as isAccountNonExpired, u_isAccountNonLocked as isAccountNonLocked, u_isCredentialNonExpired as isCredentialsNonExpired, u_isEnabled as isEnabled FROM lc_user WHERE 1=1 AND u_id = ? 
09:59:55.364 DEBUG --- [http-nio-8080-exec-5] c.l.e.mapper.UserMapper.readUser : ==> Parameters: sp(String) 
09:59:55.365 DEBUG --- [http-nio-8080-exec-5] c.l.e.mapper.UserMapper.readUser : <==      Total: 0 
09:59:55.365 DEBUG --- [http-nio-8080-exec-5] c.l.e.m.UserMapper.readAuthorities : ==>  Preparing: SELECT u_auth FROM lc_auth WHERE 1=1 AND u_id = ? 
09:59:55.365 DEBUG --- [http-nio-8080-exec-5] c.l.e.m.UserMapper.readAuthorities : ==> Parameters: sp(String) 
09:59:55.366 DEBUG --- [http-nio-8080-exec-5] c.l.e.m.UserMapper.readAuthorities : <==      Total: 0 
09:59:55.367 ERROR --- [http-nio-8080-exec-5] o.s.s.w.a.UsernamePasswordAuthenticationFilter : An internal error occurred while trying to authenticate the user. 
org.springframework.security.authentication.InternalAuthenticationServiceException: Cannot invoke "com.lcomputerspring3.example.domain.User.setAuthorities(java.util.Collection)" because "user" is null
	at org.springframework.security.authentication.dao.DaoAuthenticationProvider.retrieveUser(DaoAuthenticationProvider.java:109)
	at org.springframework.security.authentication.dao.AbstractUserDetailsAuthenticationProvider.authenticate(AbstractUserDetailsAuthenticationProvider.java:133)
	at org.springframework.security.authentication.ProviderManager.authenticate(ProviderManager.java:182)
	at org.springframework.security.authentication.ProviderManager.authenticate(ProviderManager.java:201)
	at org.springframework.security.web.authentication.UsernamePasswordAuthenticationFilter.attemptAuthentication(UsernamePasswordAuthenticationFilter.java:85)
	at org.springframework.security.web.authentication.AbstractAuthenticationProcessingFilter.doFilter(AbstractAuthenticationProcessingFilter.java:227)
	at org.springframework.security.web.authentication.AbstractAuthenticationProcessingFilter.doFilter(AbstractAuthenticationProcessingFilter.java:217)
	at org.springframework.security.web.FilterChainProxy$VirtualFilterChain.doFilter(FilterChainProxy.java:346)
	at org.springframework.security.web.authentication.logout.LogoutFilter.doFilter(LogoutFilter.java:103)
	at org.springframework.security.web.authentication.logout.LogoutFilter.doFilter(LogoutFilter.java:89)
	at org.springframework.security.web.FilterChainProxy$VirtualFilterChain.doFilter(FilterChainProxy.java:346)
	at org.springframework.security.web.header.HeaderWriterFilter.doHeadersAfter(HeaderWriterFilter.java:90)
	at org.springframework.security.web.header.HeaderWriterFilter.doFilterInternal(HeaderWriterFilter.java:75)
	at org.springframework.web.filter.OncePerRequestFilter.doFilter(OncePerRequestFilter.java:117)
	at org.springframework.security.web.FilterChainProxy$VirtualFilterChain.doFilter(FilterChainProxy.java:346)
	at org.springframework.security.web.context.SecurityContextPersistenceFilter.doFilter(SecurityContextPersistenceFilter.java:112)
	at org.springframework.security.web.context.SecurityContextPersistenceFilter.doFilter(SecurityContextPersistenceFilter.java:82)
	at org.springframework.security.web.FilterChainProxy$VirtualFilterChain.doFilter(FilterChainProxy.java:346)
	at org.springframework.security.web.context.request.async.WebAsyncManagerIntegrationFilter.doFilterInternal(WebAsyncManagerIntegrationFilter.java:55)
	at org.springframework.web.filter.OncePerRequestFilter.doFilter(OncePerRequestFilter.java:117)
	at org.springframework.security.web.FilterChainProxy$VirtualFilterChain.doFilter(FilterChainProxy.java:346)
	at org.springframework.security.web.session.DisableEncodeUrlFilter.doFilterInternal(DisableEncodeUrlFilter.java:42)
	at org.springframework.web.filter.OncePerRequestFilter.doFilter(OncePerRequestFilter.java:117)
	at org.springframework.security.web.FilterChainProxy$VirtualFilterChain.doFilter(FilterChainProxy.java:346)
	at org.springframework.security.web.FilterChainProxy.doFilterInternal(FilterChainProxy.java:221)
	at org.springframework.security.web.FilterChainProxy.doFilter(FilterChainProxy.java:186)
	at org.springframework.web.filter.DelegatingFilterProxy.invokeDelegate(DelegatingFilterProxy.java:354)
	at org.springframework.web.filter.DelegatingFilterProxy.doFilter(DelegatingFilterProxy.java:267)
	at org.apache.catalina.core.ApplicationFilterChain.internalDoFilter(ApplicationFilterChain.java:178)
	at org.apache.catalina.core.ApplicationFilterChain.doFilter(ApplicationFilterChain.java:153)
	at org.springframework.web.filter.RequestContextFilter.doFilterInternal(RequestContextFilter.java:100)
	at org.springframework.web.filter.OncePerRequestFilter.doFilter(OncePerRequestFilter.java:117)
	at org.apache.catalina.core.ApplicationFilterChain.internalDoFilter(ApplicationFilterChain.java:178)
	at org.apache.catalina.core.ApplicationFilterChain.doFilter(ApplicationFilterChain.java:153)
	at org.springframework.web.filter.FormContentFilter.doFilterInternal(FormContentFilter.java:93)
	at org.springframework.web.filter.OncePerRequestFilter.doFilter(OncePerRequestFilter.java:117)
	at org.apache.catalina.core.ApplicationFilterChain.internalDoFilter(ApplicationFilterChain.java:178)
	at org.apache.catalina.core.ApplicationFilterChain.doFilter(ApplicationFilterChain.java:153)
	at org.springframework.web.filter.CharacterEncodingFilter.doFilterInternal(CharacterEncodingFilter.java:201)
	at org.springframework.web.filter.OncePerRequestFilter.doFilter(OncePerRequestFilter.java:117)
	at org.apache.catalina.core.ApplicationFilterChain.internalDoFilter(ApplicationFilterChain.java:178)
	at org.apache.catalina.core.ApplicationFilterChain.doFilter(ApplicationFilterChain.java:153)
	at org.apache.catalina.core.StandardWrapperValve.invoke(StandardWrapperValve.java:167)
	at org.apache.catalina.core.StandardContextValve.invoke(StandardContextValve.java:90)
	at org.apache.catalina.authenticator.AuthenticatorBase.invoke(AuthenticatorBase.java:492)
	at org.apache.catalina.core.StandardHostValve.invoke(StandardHostValve.java:130)
	at org.apache.catalina.valves.ErrorReportValve.invoke(ErrorReportValve.java:93)
	at org.apache.catalina.core.StandardEngineValve.invoke(StandardEngineValve.java:74)
	at org.apache.catalina.connector.CoyoteAdapter.service(CoyoteAdapter.java:343)
	at org.apache.coyote.http11.Http11Processor.service(Http11Processor.java:389)
	at org.apache.coyote.AbstractProcessorLight.process(AbstractProcessorLight.java:63)
	at org.apache.coyote.AbstractProtocol$ConnectionHandler.process(AbstractProtocol.java:926)
	at org.apache.tomcat.util.net.NioEndpoint$SocketProcessor.doRun(NioEndpoint.java:1791)
	at org.apache.tomcat.util.net.SocketProcessorBase.run(SocketProcessorBase.java:49)
	at org.apache.tomcat.util.threads.ThreadPoolExecutor.runWorker(ThreadPoolExecutor.java:1191)
	at org.apache.tomcat.util.threads.ThreadPoolExecutor$Worker.run(ThreadPoolExecutor.java:659)
	at org.apache.tomcat.util.threads.TaskThread$WrappingRunnable.run(TaskThread.java:61)
	at java.base/java.lang.Thread.run(Thread.java:833)
Caused by: java.lang.NullPointerException: Cannot invoke "com.lcomputerspring3.example.domain.User.setAuthorities(java.util.Collection)" because "user" is null
	at com.lcomputerspring3.example.service.UserServiceImpl.loadUserByUsername(UserServiceImpl.java:24)
	at org.springframework.security.authentication.dao.DaoAuthenticationProvider.retrieveUser(DaoAuthenticationProvider.java:94)
	... 57 common frames omitted
10:00:14.134 DEBUG --- [http-nio-8080-exec-7] c.l.e.mapper.UserMapper.readUser : ==>  Preparing: SELECT u_id as username, u_password as password, u_name as uName, u_isAccountNonExpired as isAccountNonExpired, u_isAccountNonLocked as isAccountNonLocked, u_isCredentialNonExpired as isCredentialsNonExpired, u_isEnabled as isEnabled FROM lc_user WHERE 1=1 AND u_id = ? 
10:00:14.135 DEBUG --- [http-nio-8080-exec-7] c.l.e.mapper.UserMapper.readUser : ==> Parameters: ap(String) 
10:00:14.136 TRACE --- [http-nio-8080-exec-7] c.l.e.mapper.UserMapper.readUser : <==    Columns: username, password, uName, isAccountNonExpired, isAccountNonLocked, isCredentialsNonExpired, isEnabled 
10:00:14.136 TRACE --- [http-nio-8080-exec-7] c.l.e.mapper.UserMapper.readUser : <==        Row: ap, $2a$10$2bYBIj6jtV9kDOZzPjnj/eAETpF5BGA2EgGeVzsBK.r/ls2s45p9K, dd, 1, 1, 1, 1 
10:00:14.139 DEBUG --- [http-nio-8080-exec-7] c.l.e.mapper.UserMapper.readUser : <==      Total: 1 
10:00:14.139 DEBUG --- [http-nio-8080-exec-7] c.l.e.m.UserMapper.readAuthorities : ==>  Preparing: SELECT u_auth FROM lc_auth WHERE 1=1 AND u_id = ? 
10:00:14.139 DEBUG --- [http-nio-8080-exec-7] c.l.e.m.UserMapper.readAuthorities : ==> Parameters: ap(String) 
10:00:14.140 TRACE --- [http-nio-8080-exec-7] c.l.e.m.UserMapper.readAuthorities : <==    Columns: u_auth 
10:00:14.140 TRACE --- [http-nio-8080-exec-7] c.l.e.m.UserMapper.readAuthorities : <==        Row: ROLE_ADMIN 
10:00:14.141 TRACE --- [http-nio-8080-exec-7] c.l.e.m.UserMapper.readAuthorities : <==        Row: ROLE_USER 
10:00:14.141 DEBUG --- [http-nio-8080-exec-7] c.l.e.m.UserMapper.readAuthorities : <==      Total: 2 
10:00:14.217 DEBUG --- [http-nio-8080-exec-8] c.l.e.m.BoardMapper.selectBoardList : ==>  Preparing: SELECT b_id as bId, b_title as bTitle, b_content as bContent, b_writer as bWriter FROM lc_board 
10:00:14.217 DEBUG --- [http-nio-8080-exec-8] c.l.e.m.BoardMapper.selectBoardList : ==> Parameters:  
10:00:14.218 DEBUG --- [http-nio-8080-exec-8] c.l.e.m.BoardMapper.selectBoardList : <==      Total: 0 
10:03:45.830 WARN  --- [Thread-5] o.a.c.loader.WebappClassLoaderBase : The web application [ROOT] appears to have started a thread named [HikariPool-1 housekeeper] but has failed to stop it. This is very likely to create a memory leak. Stack trace of thread:
 java.base@17.0.5/jdk.internal.misc.Unsafe.park(Native Method)
 java.base@17.0.5/java.util.concurrent.locks.LockSupport.parkNanos(LockSupport.java:252)
 java.base@17.0.5/java.util.concurrent.locks.AbstractQueuedSynchronizer$ConditionObject.awaitNanos(AbstractQueuedSynchronizer.java:1672)
 java.base@17.0.5/java.util.concurrent.ScheduledThreadPoolExecutor$DelayedWorkQueue.take(ScheduledThreadPoolExecutor.java:1182)
 java.base@17.0.5/java.util.concurrent.ScheduledThreadPoolExecutor$DelayedWorkQueue.take(ScheduledThreadPoolExecutor.java:899)
 java.base@17.0.5/java.util.concurrent.ThreadPoolExecutor.getTask(ThreadPoolExecutor.java:1062)
 java.base@17.0.5/java.util.concurrent.ThreadPoolExecutor.runWorker(ThreadPoolExecutor.java:1122)
 java.base@17.0.5/java.util.concurrent.ThreadPoolExecutor$Worker.run(ThreadPoolExecutor.java:635)
 java.base@17.0.5/java.lang.Thread.run(Thread.java:833) 
10:03:45.888 INFO  --- [restartedMain] c.l.e.Lcomputerspring3Application : Starting Lcomputerspring3Application using Java 17.0.5 on L1 with PID 11224 (C:\Users\L1A\Documents\work12\lcomputerspring3\bin\main started by L1A in C:\Users\L1A\Documents\work12\lcomputerspring3) 
10:03:45.888 DEBUG --- [restartedMain] c.l.e.Lcomputerspring3Application : Running with Spring Boot v2.7.10, Spring v5.3.26 
10:03:45.888 INFO  --- [restartedMain] c.l.e.Lcomputerspring3Application : No active profile set, falling back to 1 default profile: "default" 
10:03:46.175 WARN  --- [restartedMain] o.s.b.w.s.c.AnnotationConfigServletWebServerApplicationContext : Exception encountered during context initialization - cancelling refresh attempt: org.springframework.beans.factory.BeanCreationException: Error creating bean with name 'boardController' defined in file [C:\Users\L1A\Documents\work12\lcomputerspring3\bin\main\com\lcomputerspring3\example\controller\BoardController.class]: Instantiation of bean failed; nested exception is org.springframework.beans.BeanInstantiationException: Failed to instantiate [com.lcomputerspring3.example.controller.BoardController]: Constructor threw exception; nested exception is java.lang.Error: Unresolved compilation problem: 
	Logger cannot be resolved to a type
 
10:03:46.193 ERROR --- [restartedMain] o.s.boot.SpringApplication : Application run failed 
org.springframework.beans.factory.BeanCreationException: Error creating bean with name 'boardController' defined in file [C:\Users\L1A\Documents\work12\lcomputerspring3\bin\main\com\lcomputerspring3\example\controller\BoardController.class]: Instantiation of bean failed; nested exception is org.springframework.beans.BeanInstantiationException: Failed to instantiate [com.lcomputerspring3.example.controller.BoardController]: Constructor threw exception; nested exception is java.lang.Error: Unresolved compilation problem: 
	Logger cannot be resolved to a type

	at org.springframework.beans.factory.support.AbstractAutowireCapableBeanFactory.instantiateBean(AbstractAutowireCapableBeanFactory.java:1334)
	at org.springframework.beans.factory.support.AbstractAutowireCapableBeanFactory.createBeanInstance(AbstractAutowireCapableBeanFactory.java:1232)
	at org.springframework.beans.factory.support.AbstractAutowireCapableBeanFactory.doCreateBean(AbstractAutowireCapableBeanFactory.java:582)
	at org.springframework.beans.factory.support.AbstractAutowireCapableBeanFactory.createBean(AbstractAutowireCapableBeanFactory.java:542)
	at org.springframework.beans.factory.support.AbstractBeanFactory.lambda$doGetBean$0(AbstractBeanFactory.java:335)
	at org.springframework.beans.factory.support.DefaultSingletonBeanRegistry.getSingleton(DefaultSingletonBeanRegistry.java:234)
	at org.springframework.beans.factory.support.AbstractBeanFactory.doGetBean(AbstractBeanFactory.java:333)
	at org.springframework.beans.factory.support.AbstractBeanFactory.getBean(AbstractBeanFactory.java:208)
	at org.springframework.beans.factory.support.DefaultListableBeanFactory.preInstantiateSingletons(DefaultListableBeanFactory.java:955)
	at org.springframework.context.support.AbstractApplicationContext.finishBeanFactoryInitialization(AbstractApplicationContext.java:920)
	at org.springframework.context.support.AbstractApplicationContext.refresh(AbstractApplicationContext.java:583)
	at org.springframework.boot.web.servlet.context.ServletWebServerApplicationContext.refresh(ServletWebServerApplicationContext.java:147)
	at org.springframework.boot.SpringApplication.refresh(SpringApplication.java:731)
	at org.springframework.boot.SpringApplication.refreshContext(SpringApplication.java:408)
	at org.springframework.boot.SpringApplication.run(SpringApplication.java:307)
	at org.springframework.boot.SpringApplication.run(SpringApplication.java:1303)
	at org.springframework.boot.SpringApplication.run(SpringApplication.java:1292)
	at com.lcomputerspring3.example.Lcomputerspring3Application.main(Lcomputerspring3Application.java:10)
	at java.base/jdk.internal.reflect.NativeMethodAccessorImpl.invoke0(Native Method)
	at java.base/jdk.internal.reflect.NativeMethodAccessorImpl.invoke(NativeMethodAccessorImpl.java:77)
	at java.base/jdk.internal.reflect.DelegatingMethodAccessorImpl.invoke(DelegatingMethodAccessorImpl.java:43)
	at java.base/java.lang.reflect.Method.invoke(Method.java:568)
	at org.springframework.boot.devtools.restart.RestartLauncher.run(RestartLauncher.java:49)
Caused by: org.springframework.beans.BeanInstantiationException: Failed to instantiate [com.lcomputerspring3.example.controller.BoardController]: Constructor threw exception; nested exception is java.lang.Error: Unresolved compilation problem: 
	Logger cannot be resolved to a type

	at org.springframework.beans.BeanUtils.instantiateClass(BeanUtils.java:224)
	at org.springframework.beans.factory.support.SimpleInstantiationStrategy.instantiate(SimpleInstantiationStrategy.java:87)
	at org.springframework.beans.factory.support.AbstractAutowireCapableBeanFactory.instantiateBean(AbstractAutowireCapableBeanFactory.java:1326)
	... 22 common frames omitted
Caused by: java.lang.Error: Unresolved compilation problem: 
	Logger cannot be resolved to a type

	at com.lcomputerspring3.example.controller.BoardController.<init>(BoardController.java:8)
	at java.base/jdk.internal.reflect.NativeConstructorAccessorImpl.newInstance0(Native Method)
	at java.base/jdk.internal.reflect.NativeConstructorAccessorImpl.newInstance(NativeConstructorAccessorImpl.java:77)
	at java.base/jdk.internal.reflect.DelegatingConstructorAccessorImpl.newInstance(DelegatingConstructorAccessorImpl.java:45)
	at java.base/java.lang.reflect.Constructor.newInstanceWithCaller(Constructor.java:499)
	at java.base/java.lang.reflect.Constructor.newInstance(Constructor.java:480)
	at org.springframework.beans.BeanUtils.instantiateClass(BeanUtils.java:211)
	... 24 common frames omitted
10:03:53.790 INFO  --- [restartedMain] c.l.e.Lcomputerspring3Application : Starting Lcomputerspring3Application using Java 17.0.5 on L1 with PID 11224 (C:\Users\L1A\Documents\work12\lcomputerspring3\bin\main started by L1A in C:\Users\L1A\Documents\work12\lcomputerspring3) 
10:03:53.790 DEBUG --- [restartedMain] c.l.e.Lcomputerspring3Application : Running with Spring Boot v2.7.10, Spring v5.3.26 
10:03:53.790 INFO  --- [restartedMain] c.l.e.Lcomputerspring3Application : No active profile set, falling back to 1 default profile: "default" 
10:03:54.064 WARN  --- [restartedMain] o.s.b.w.s.c.AnnotationConfigServletWebServerApplicationContext : Exception encountered during context initialization - cancelling refresh attempt: org.springframework.beans.factory.BeanCreationException: Error creating bean with name 'boardController' defined in file [C:\Users\L1A\Documents\work12\lcomputerspring3\bin\main\com\lcomputerspring3\example\controller\BoardController.class]: Instantiation of bean failed; nested exception is org.springframework.beans.BeanInstantiationException: Failed to instantiate [com.lcomputerspring3.example.controller.BoardController]: Constructor threw exception; nested exception is java.lang.Error: Unresolved compilation problem: 
	Type mismatch: cannot convert from org.mariadb.jdbc.internal.logging.Logger to org.slf4j.Logger
 
10:03:54.071 ERROR --- [restartedMain] o.s.boot.SpringApplication : Application run failed 
org.springframework.beans.factory.BeanCreationException: Error creating bean with name 'boardController' defined in file [C:\Users\L1A\Documents\work12\lcomputerspring3\bin\main\com\lcomputerspring3\example\controller\BoardController.class]: Instantiation of bean failed; nested exception is org.springframework.beans.BeanInstantiationException: Failed to instantiate [com.lcomputerspring3.example.controller.BoardController]: Constructor threw exception; nested exception is java.lang.Error: Unresolved compilation problem: 
	Type mismatch: cannot convert from org.mariadb.jdbc.internal.logging.Logger to org.slf4j.Logger

	at org.springframework.beans.factory.support.AbstractAutowireCapableBeanFactory.instantiateBean(AbstractAutowireCapableBeanFactory.java:1334)
	at org.springframework.beans.factory.support.AbstractAutowireCapableBeanFactory.createBeanInstance(AbstractAutowireCapableBeanFactory.java:1232)
	at org.springframework.beans.factory.support.AbstractAutowireCapableBeanFactory.doCreateBean(AbstractAutowireCapableBeanFactory.java:582)
	at org.springframework.beans.factory.support.AbstractAutowireCapableBeanFactory.createBean(AbstractAutowireCapableBeanFactory.java:542)
	at org.springframework.beans.factory.support.AbstractBeanFactory.lambda$doGetBean$0(AbstractBeanFactory.java:335)
	at org.springframework.beans.factory.support.DefaultSingletonBeanRegistry.getSingleton(DefaultSingletonBeanRegistry.java:234)
	at org.springframework.beans.factory.support.AbstractBeanFactory.doGetBean(AbstractBeanFactory.java:333)
	at org.springframework.beans.factory.support.AbstractBeanFactory.getBean(AbstractBeanFactory.java:208)
	at org.springframework.beans.factory.support.DefaultListableBeanFactory.preInstantiateSingletons(DefaultListableBeanFactory.java:955)
	at org.springframework.context.support.AbstractApplicationContext.finishBeanFactoryInitialization(AbstractApplicationContext.java:920)
	at org.springframework.context.support.AbstractApplicationContext.refresh(AbstractApplicationContext.java:583)
	at org.springframework.boot.web.servlet.context.ServletWebServerApplicationContext.refresh(ServletWebServerApplicationContext.java:147)
	at org.springframework.boot.SpringApplication.refresh(SpringApplication.java:731)
	at org.springframework.boot.SpringApplication.refreshContext(SpringApplication.java:408)
	at org.springframework.boot.SpringApplication.run(SpringApplication.java:307)
	at org.springframework.boot.SpringApplication.run(SpringApplication.java:1303)
	at org.springframework.boot.SpringApplication.run(SpringApplication.java:1292)
	at com.lcomputerspring3.example.Lcomputerspring3Application.main(Lcomputerspring3Application.java:10)
	at java.base/jdk.internal.reflect.NativeMethodAccessorImpl.invoke0(Native Method)
	at java.base/jdk.internal.reflect.NativeMethodAccessorImpl.invoke(NativeMethodAccessorImpl.java:77)
	at java.base/jdk.internal.reflect.DelegatingMethodAccessorImpl.invoke(DelegatingMethodAccessorImpl.java:43)
	at java.base/java.lang.reflect.Method.invoke(Method.java:568)
	at org.springframework.boot.devtools.restart.RestartLauncher.run(RestartLauncher.java:49)
Caused by: org.springframework.beans.BeanInstantiationException: Failed to instantiate [com.lcomputerspring3.example.controller.BoardController]: Constructor threw exception; nested exception is java.lang.Error: Unresolved compilation problem: 
	Type mismatch: cannot convert from org.mariadb.jdbc.internal.logging.Logger to org.slf4j.Logger

	at org.springframework.beans.BeanUtils.instantiateClass(BeanUtils.java:224)
	at org.springframework.beans.factory.support.SimpleInstantiationStrategy.instantiate(SimpleInstantiationStrategy.java:87)
	at org.springframework.beans.factory.support.AbstractAutowireCapableBeanFactory.instantiateBean(AbstractAutowireCapableBeanFactory.java:1326)
	... 22 common frames omitted
Caused by: java.lang.Error: Unresolved compilation problem: 
	Type mismatch: cannot convert from org.mariadb.jdbc.internal.logging.Logger to org.slf4j.Logger

	at com.lcomputerspring3.example.controller.BoardController.<init>(BoardController.java:9)
	at java.base/jdk.internal.reflect.NativeConstructorAccessorImpl.newInstance0(Native Method)
	at java.base/jdk.internal.reflect.NativeConstructorAccessorImpl.newInstance(NativeConstructorAccessorImpl.java:77)
	at java.base/jdk.internal.reflect.DelegatingConstructorAccessorImpl.newInstance(DelegatingConstructorAccessorImpl.java:45)
	at java.base/java.lang.reflect.Constructor.newInstanceWithCaller(Constructor.java:499)
	at java.base/java.lang.reflect.Constructor.newInstance(Constructor.java:480)
	at org.springframework.beans.BeanUtils.instantiateClass(BeanUtils.java:211)
	... 24 common frames omitted
11:31:13.062 INFO  --- [restartedMain] c.l.e.Lcomputerspring3Application : Starting Lcomputerspring3Application using Java 17.0.5 on L1 with PID 6344 (C:\Users\L1A\Documents\work12\lcomputerspring3\bin\main started by L1A in C:\Users\L1A\Documents\work12\lcomputerspring3) 
11:31:13.063 DEBUG --- [restartedMain] c.l.e.Lcomputerspring3Application : Running with Spring Boot v2.7.10, Spring v5.3.26 
11:31:13.063 INFO  --- [restartedMain] c.l.e.Lcomputerspring3Application : No active profile set, falling back to 1 default profile: "default" 
11:31:14.263 WARN  --- [restartedMain] o.s.b.w.s.c.AnnotationConfigServletWebServerApplicationContext : Exception encountered during context initialization - cancelling refresh attempt: org.springframework.beans.factory.UnsatisfiedDependencyException: Error creating bean with name 'boardController': Unsatisfied dependency expressed through field 'user'; nested exception is org.springframework.beans.factory.NoSuchBeanDefinitionException: No qualifying bean of type 'com.lcomputerspring3.example.domain.User' available: expected at least 1 bean which qualifies as autowire candidate. Dependency annotations: {@org.springframework.beans.factory.annotation.Autowired(required=true)} 
11:31:14.291 ERROR --- [restartedMain] o.s.b.d.LoggingFailureAnalysisReporter : 

***************************
APPLICATION FAILED TO START
***************************

Description:

Field user in com.lcomputerspring3.example.controller.BoardController required a bean of type 'com.lcomputerspring3.example.domain.User' that could not be found.

The injection point has the following annotations:
	- @org.springframework.beans.factory.annotation.Autowired(required=true)


Action:

Consider defining a bean of type 'com.lcomputerspring3.example.domain.User' in your configuration.
 
11:31:54.143 INFO  --- [restartedMain] c.l.e.Lcomputerspring3Application : Starting Lcomputerspring3Application using Java 17.0.5 on L1 with PID 6784 (C:\Users\L1A\Documents\work12\lcomputerspring3\bin\main started by L1A in C:\Users\L1A\Documents\work12\lcomputerspring3) 
11:31:54.144 DEBUG --- [restartedMain] c.l.e.Lcomputerspring3Application : Running with Spring Boot v2.7.10, Spring v5.3.26 
11:31:54.144 INFO  --- [restartedMain] c.l.e.Lcomputerspring3Application : No active profile set, falling back to 1 default profile: "default" 
11:31:55.330 WARN  --- [restartedMain] o.s.b.w.s.c.AnnotationConfigServletWebServerApplicationContext : Exception encountered during context initialization - cancelling refresh attempt: org.springframework.beans.factory.UnsatisfiedDependencyException: Error creating bean with name 'boardController': Unsatisfied dependency expressed through field 'user'; nested exception is org.springframework.beans.factory.NoSuchBeanDefinitionException: No qualifying bean of type 'com.lcomputerspring3.example.domain.User' available: expected at least 1 bean which qualifies as autowire candidate. Dependency annotations: {@org.springframework.beans.factory.annotation.Autowired(required=true)} 
11:31:55.356 ERROR --- [restartedMain] o.s.b.d.LoggingFailureAnalysisReporter : 

***************************
APPLICATION FAILED TO START
***************************

Description:

Field user in com.lcomputerspring3.example.controller.BoardController required a bean of type 'com.lcomputerspring3.example.domain.User' that could not be found.

The injection point has the following annotations:
	- @org.springframework.beans.factory.annotation.Autowired(required=true)


Action:

Consider defining a bean of type 'com.lcomputerspring3.example.domain.User' in your configuration.
 
11:33:26.063 INFO  --- [restartedMain] c.l.e.Lcomputerspring3Application : Starting Lcomputerspring3Application using Java 17.0.5 on L1 with PID 4568 (C:\Users\L1A\Documents\work12\lcomputerspring3\bin\main started by L1A in C:\Users\L1A\Documents\work12\lcomputerspring3) 
11:33:26.064 DEBUG --- [restartedMain] c.l.e.Lcomputerspring3Application : Running with Spring Boot v2.7.10, Spring v5.3.26 
11:33:26.064 INFO  --- [restartedMain] c.l.e.Lcomputerspring3Application : No active profile set, falling back to 1 default profile: "default" 
11:33:27.228 WARN  --- [restartedMain] o.s.b.w.s.c.AnnotationConfigServletWebServerApplicationContext : Exception encountered during context initialization - cancelling refresh attempt: org.springframework.beans.factory.UnsatisfiedDependencyException: Error creating bean with name 'boardController': Unsatisfied dependency expressed through field 'user'; nested exception is org.springframework.beans.factory.NoSuchBeanDefinitionException: No qualifying bean of type 'com.lcomputerspring3.example.domain.User' available: expected at least 1 bean which qualifies as autowire candidate. Dependency annotations: {@org.springframework.beans.factory.annotation.Autowired(required=true)} 
11:33:27.254 ERROR --- [restartedMain] o.s.b.d.LoggingFailureAnalysisReporter : 

***************************
APPLICATION FAILED TO START
***************************

Description:

Field user in com.lcomputerspring3.example.controller.BoardController required a bean of type 'com.lcomputerspring3.example.domain.User' that could not be found.

The injection point has the following annotations:
	- @org.springframework.beans.factory.annotation.Autowired(required=true)


Action:

Consider defining a bean of type 'com.lcomputerspring3.example.domain.User' in your configuration.
 
11:34:21.283 INFO  --- [restartedMain] c.l.e.Lcomputerspring3Application : Starting Lcomputerspring3Application using Java 17.0.5 on L1 with PID 10976 (C:\Users\L1A\Documents\work12\lcomputerspring3\bin\main started by L1A in C:\Users\L1A\Documents\work12\lcomputerspring3) 
11:34:21.283 DEBUG --- [restartedMain] c.l.e.Lcomputerspring3Application : Running with Spring Boot v2.7.10, Spring v5.3.26 
11:34:21.284 INFO  --- [restartedMain] c.l.e.Lcomputerspring3Application : No active profile set, falling back to 1 default profile: "default" 
11:34:22.822 INFO  --- [restartedMain] c.l.e.Lcomputerspring3Application : Started Lcomputerspring3Application in 1.867 seconds (JVM running for 2.376) 
11:34:31.470 DEBUG --- [http-nio-8080-exec-1] c.l.e.m.BoardMapper.selectBoardList : ==>  Preparing: SELECT b_id as bId, b_title as bTitle, b_content as bContent, b_writer as bWriter FROM lc_board 
11:34:31.484 DEBUG --- [http-nio-8080-exec-1] c.l.e.m.BoardMapper.selectBoardList : ==> Parameters:  
11:34:31.495 DEBUG --- [http-nio-8080-exec-1] c.l.e.m.BoardMapper.selectBoardList : <==      Total: 0 
11:34:34.356 DEBUG --- [http-nio-8080-exec-3] c.l.e.m.BoardMapper.selectBoardList : ==>  Preparing: SELECT b_id as bId, b_title as bTitle, b_content as bContent, b_writer as bWriter FROM lc_board 
11:34:34.356 DEBUG --- [http-nio-8080-exec-3] c.l.e.m.BoardMapper.selectBoardList : ==> Parameters:  
11:34:34.357 DEBUG --- [http-nio-8080-exec-3] c.l.e.m.BoardMapper.selectBoardList : <==      Total: 0 
11:34:40.660 DEBUG --- [http-nio-8080-exec-5] c.l.e.mapper.UserMapper.readUser : ==>  Preparing: SELECT u_id as username, u_password as password, u_name as uName, u_isAccountNonExpired as isAccountNonExpired, u_isAccountNonLocked as isAccountNonLocked, u_isCredentialNonExpired as isCredentialsNonExpired, u_isEnabled as isEnabled FROM lc_user WHERE 1=1 AND u_id = ? 
11:34:40.660 DEBUG --- [http-nio-8080-exec-5] c.l.e.mapper.UserMapper.readUser : ==> Parameters: ap(String) 
11:34:40.661 TRACE --- [http-nio-8080-exec-5] c.l.e.mapper.UserMapper.readUser : <==    Columns: username, password, uName, isAccountNonExpired, isAccountNonLocked, isCredentialsNonExpired, isEnabled 
11:34:40.661 TRACE --- [http-nio-8080-exec-5] c.l.e.mapper.UserMapper.readUser : <==        Row: ap, $2a$10$2bYBIj6jtV9kDOZzPjnj/eAETpF5BGA2EgGeVzsBK.r/ls2s45p9K, dd, 1, 1, 1, 1 
11:34:40.663 DEBUG --- [http-nio-8080-exec-5] c.l.e.mapper.UserMapper.readUser : <==      Total: 1 
11:34:40.663 DEBUG --- [http-nio-8080-exec-5] c.l.e.m.UserMapper.readAuthorities : ==>  Preparing: SELECT u_auth FROM lc_auth WHERE 1=1 AND u_id = ? 
11:34:40.663 DEBUG --- [http-nio-8080-exec-5] c.l.e.m.UserMapper.readAuthorities : ==> Parameters: ap(String) 
11:34:40.664 TRACE --- [http-nio-8080-exec-5] c.l.e.m.UserMapper.readAuthorities : <==    Columns: u_auth 
11:34:40.664 TRACE --- [http-nio-8080-exec-5] c.l.e.m.UserMapper.readAuthorities : <==        Row: ROLE_ADMIN 
11:34:40.664 TRACE --- [http-nio-8080-exec-5] c.l.e.m.UserMapper.readAuthorities : <==        Row: ROLE_USER 
11:34:40.664 DEBUG --- [http-nio-8080-exec-5] c.l.e.m.UserMapper.readAuthorities : <==      Total: 2 
11:34:40.740 DEBUG --- [http-nio-8080-exec-6] c.l.e.m.BoardMapper.selectBoardList : ==>  Preparing: SELECT b_id as bId, b_title as bTitle, b_content as bContent, b_writer as bWriter FROM lc_board 
11:34:40.740 DEBUG --- [http-nio-8080-exec-6] c.l.e.m.BoardMapper.selectBoardList : ==> Parameters:  
11:34:40.741 DEBUG --- [http-nio-8080-exec-6] c.l.e.m.BoardMapper.selectBoardList : <==      Total: 0 
11:34:51.852 WARN  --- [http-nio-8080-exec-7] o.s.w.s.m.s.DefaultHandlerExceptionResolver : Resolved [org.springframework.web.HttpRequestMethodNotSupportedException: Request method 'GET' not supported] 
11:35:47.254 WARN  --- [Thread-5] o.a.c.loader.WebappClassLoaderBase : The web application [ROOT] appears to have started a thread named [HikariPool-1 housekeeper] but has failed to stop it. This is very likely to create a memory leak. Stack trace of thread:
 java.base@17.0.5/jdk.internal.misc.Unsafe.park(Native Method)
 java.base@17.0.5/java.util.concurrent.locks.LockSupport.parkNanos(LockSupport.java:252)
 java.base@17.0.5/java.util.concurrent.locks.AbstractQueuedSynchronizer$ConditionObject.awaitNanos(AbstractQueuedSynchronizer.java:1672)
 java.base@17.0.5/java.util.concurrent.ScheduledThreadPoolExecutor$DelayedWorkQueue.take(ScheduledThreadPoolExecutor.java:1182)
 java.base@17.0.5/java.util.concurrent.ScheduledThreadPoolExecutor$DelayedWorkQueue.take(ScheduledThreadPoolExecutor.java:899)
 java.base@17.0.5/java.util.concurrent.ThreadPoolExecutor.getTask(ThreadPoolExecutor.java:1062)
 java.base@17.0.5/java.util.concurrent.ThreadPoolExecutor.runWorker(ThreadPoolExecutor.java:1122)
 java.base@17.0.5/java.util.concurrent.ThreadPoolExecutor$Worker.run(ThreadPoolExecutor.java:635)
 java.base@17.0.5/java.lang.Thread.run(Thread.java:833) 
11:35:47.310 INFO  --- [restartedMain] c.l.e.Lcomputerspring3Application : Starting Lcomputerspring3Application using Java 17.0.5 on L1 with PID 10976 (C:\Users\L1A\Documents\work12\lcomputerspring3\bin\main started by L1A in C:\Users\L1A\Documents\work12\lcomputerspring3) 
11:35:47.310 DEBUG --- [restartedMain] c.l.e.Lcomputerspring3Application : Running with Spring Boot v2.7.10, Spring v5.3.26 
11:35:47.310 INFO  --- [restartedMain] c.l.e.Lcomputerspring3Application : No active profile set, falling back to 1 default profile: "default" 
11:35:47.715 INFO  --- [restartedMain] c.l.e.Lcomputerspring3Application : Started Lcomputerspring3Application in 0.427 seconds (JVM running for 87.27) 
11:35:58.372 WARN  --- [http-nio-8080-exec-1] o.s.w.s.m.s.DefaultHandlerExceptionResolver : Resolved [org.springframework.web.HttpRequestMethodNotSupportedException: Request method 'GET' not supported] 
11:37:13.291 DEBUG --- [http-nio-8080-exec-4] c.l.e.m.BoardMapper.selectBoardList : ==>  Preparing: SELECT b_id as bId, b_title as bTitle, b_content as bContent, b_writer as bWriter FROM lc_board 
11:37:13.291 DEBUG --- [http-nio-8080-exec-4] c.l.e.m.BoardMapper.selectBoardList : ==> Parameters:  
11:37:13.292 DEBUG --- [http-nio-8080-exec-4] c.l.e.m.BoardMapper.selectBoardList : <==      Total: 0 
11:37:16.453 DEBUG --- [http-nio-8080-exec-5] c.l.e.m.BoardMapper.selectBoardList : ==>  Preparing: SELECT b_id as bId, b_title as bTitle, b_content as bContent, b_writer as bWriter FROM lc_board 
11:37:16.454 DEBUG --- [http-nio-8080-exec-5] c.l.e.m.BoardMapper.selectBoardList : ==> Parameters:  
11:37:16.454 DEBUG --- [http-nio-8080-exec-5] c.l.e.m.BoardMapper.selectBoardList : <==      Total: 0 
11:37:20.970 WARN  --- [http-nio-8080-exec-6] o.s.w.s.m.s.DefaultHandlerExceptionResolver : Resolved [org.springframework.web.HttpRequestMethodNotSupportedException: Request method 'GET' not supported] 
11:37:47.624 WARN  --- [Thread-7] o.a.c.loader.WebappClassLoaderBase : The web application [ROOT] appears to have started a thread named [HikariPool-2 housekeeper] but has failed to stop it. This is very likely to create a memory leak. Stack trace of thread:
 java.base@17.0.5/jdk.internal.misc.Unsafe.park(Native Method)
 java.base@17.0.5/java.util.concurrent.locks.LockSupport.parkNanos(LockSupport.java:252)
 java.base@17.0.5/java.util.concurrent.locks.AbstractQueuedSynchronizer$ConditionObject.awaitNanos(AbstractQueuedSynchronizer.java:1672)
 java.base@17.0.5/java.util.concurrent.ScheduledThreadPoolExecutor$DelayedWorkQueue.take(ScheduledThreadPoolExecutor.java:1182)
 java.base@17.0.5/java.util.concurrent.ScheduledThreadPoolExecutor$DelayedWorkQueue.take(ScheduledThreadPoolExecutor.java:899)
 java.base@17.0.5/java.util.concurrent.ThreadPoolExecutor.getTask(ThreadPoolExecutor.java:1062)
 java.base@17.0.5/java.util.concurrent.ThreadPoolExecutor.runWorker(ThreadPoolExecutor.java:1122)
 java.base@17.0.5/java.util.concurrent.ThreadPoolExecutor$Worker.run(ThreadPoolExecutor.java:635)
 java.base@17.0.5/java.lang.Thread.run(Thread.java:833) 
11:37:47.677 INFO  --- [restartedMain] c.l.e.Lcomputerspring3Application : Starting Lcomputerspring3Application using Java 17.0.5 on L1 with PID 10976 (C:\Users\L1A\Documents\work12\lcomputerspring3\bin\main started by L1A in C:\Users\L1A\Documents\work12\lcomputerspring3) 
11:37:47.677 DEBUG --- [restartedMain] c.l.e.Lcomputerspring3Application : Running with Spring Boot v2.7.10, Spring v5.3.26 
11:37:47.677 INFO  --- [restartedMain] c.l.e.Lcomputerspring3Application : No active profile set, falling back to 1 default profile: "default" 
11:37:48.057 INFO  --- [restartedMain] c.l.e.Lcomputerspring3Application : Started Lcomputerspring3Application in 0.401 seconds (JVM running for 207.612) 
11:37:51.765 DEBUG --- [http-nio-8080-exec-1] c.l.e.m.BoardMapper.selectBoardList : ==>  Preparing: SELECT b_id as bId, b_title as bTitle, b_content as bContent, b_writer as bWriter FROM lc_board 
11:37:51.765 DEBUG --- [http-nio-8080-exec-1] c.l.e.m.BoardMapper.selectBoardList : ==> Parameters:  
11:37:51.766 DEBUG --- [http-nio-8080-exec-1] c.l.e.m.BoardMapper.selectBoardList : <==      Total: 0 
11:37:58.594 WARN  --- [http-nio-8080-exec-2] o.s.w.s.m.s.DefaultHandlerExceptionResolver : Resolved [org.springframework.web.HttpRequestMethodNotSupportedException: Request method 'GET' not supported] 
11:38:54.779 WARN  --- [Thread-11] o.a.c.loader.WebappClassLoaderBase : The web application [ROOT] appears to have started a thread named [HikariPool-3 housekeeper] but has failed to stop it. This is very likely to create a memory leak. Stack trace of thread:
 java.base@17.0.5/jdk.internal.misc.Unsafe.park(Native Method)
 java.base@17.0.5/java.util.concurrent.locks.LockSupport.parkNanos(LockSupport.java:252)
 java.base@17.0.5/java.util.concurrent.locks.AbstractQueuedSynchronizer$ConditionObject.awaitNanos(AbstractQueuedSynchronizer.java:1672)
 java.base@17.0.5/java.util.concurrent.ScheduledThreadPoolExecutor$DelayedWorkQueue.take(ScheduledThreadPoolExecutor.java:1182)
 java.base@17.0.5/java.util.concurrent.ScheduledThreadPoolExecutor$DelayedWorkQueue.take(ScheduledThreadPoolExecutor.java:899)
 java.base@17.0.5/java.util.concurrent.ThreadPoolExecutor.getTask(ThreadPoolExecutor.java:1062)
 java.base@17.0.5/java.util.concurrent.ThreadPoolExecutor.runWorker(ThreadPoolExecutor.java:1122)
 java.base@17.0.5/java.util.concurrent.ThreadPoolExecutor$Worker.run(ThreadPoolExecutor.java:635)
 java.base@17.0.5/java.lang.Thread.run(Thread.java:833) 
11:38:54.827 INFO  --- [restartedMain] c.l.e.Lcomputerspring3Application : Starting Lcomputerspring3Application using Java 17.0.5 on L1 with PID 10976 (C:\Users\L1A\Documents\work12\lcomputerspring3\bin\main started by L1A in C:\Users\L1A\Documents\work12\lcomputerspring3) 
11:38:54.827 DEBUG --- [restartedMain] c.l.e.Lcomputerspring3Application : Running with Spring Boot v2.7.10, Spring v5.3.26 
11:38:54.827 INFO  --- [restartedMain] c.l.e.Lcomputerspring3Application : No active profile set, falling back to 1 default profile: "default" 
11:38:55.190 INFO  --- [restartedMain] c.l.e.Lcomputerspring3Application : Started Lcomputerspring3Application in 0.382 seconds (JVM running for 274.745) 
11:38:59.063 DEBUG --- [http-nio-8080-exec-1] c.l.e.mapper.BoardMapper.writePost : ==>  Preparing: INSERT INTO lc_board( b_title, b_content, b_writer, b_datetime, u_id ) VALUES ( ?, ?, ?, now(), ? ) 
11:38:59.064 DEBUG --- [http-nio-8080-exec-1] c.l.e.mapper.BoardMapper.writePost : ==> Parameters: null, null, null, null 
11:38:59.073 DEBUG --- [http-nio-8080-exec-1] c.l.e.mapper.BoardMapper.writePost : <==    Updates: 1 
11:40:11.094 WARN  --- [Thread-15] o.a.c.loader.WebappClassLoaderBase : The web application [ROOT] appears to have started a thread named [HikariPool-4 housekeeper] but has failed to stop it. This is very likely to create a memory leak. Stack trace of thread:
 java.base@17.0.5/jdk.internal.misc.Unsafe.park(Native Method)
 java.base@17.0.5/java.util.concurrent.locks.LockSupport.parkNanos(LockSupport.java:252)
 java.base@17.0.5/java.util.concurrent.locks.AbstractQueuedSynchronizer$ConditionObject.awaitNanos(AbstractQueuedSynchronizer.java:1672)
 java.base@17.0.5/java.util.concurrent.ScheduledThreadPoolExecutor$DelayedWorkQueue.take(ScheduledThreadPoolExecutor.java:1182)
 java.base@17.0.5/java.util.concurrent.ScheduledThreadPoolExecutor$DelayedWorkQueue.take(ScheduledThreadPoolExecutor.java:899)
 java.base@17.0.5/java.util.concurrent.ThreadPoolExecutor.getTask(ThreadPoolExecutor.java:1062)
 java.base@17.0.5/java.util.concurrent.ThreadPoolExecutor.runWorker(ThreadPoolExecutor.java:1122)
 java.base@17.0.5/java.util.concurrent.ThreadPoolExecutor$Worker.run(ThreadPoolExecutor.java:635)
 java.base@17.0.5/java.lang.Thread.run(Thread.java:833) 
11:40:11.149 INFO  --- [restartedMain] c.l.e.Lcomputerspring3Application : Starting Lcomputerspring3Application using Java 17.0.5 on L1 with PID 10976 (C:\Users\L1A\Documents\work12\lcomputerspring3\bin\main started by L1A in C:\Users\L1A\Documents\work12\lcomputerspring3) 
11:40:11.149 DEBUG --- [restartedMain] c.l.e.Lcomputerspring3Application : Running with Spring Boot v2.7.10, Spring v5.3.26 
11:40:11.149 INFO  --- [restartedMain] c.l.e.Lcomputerspring3Application : No active profile set, falling back to 1 default profile: "default" 
11:40:11.515 INFO  --- [restartedMain] c.l.e.Lcomputerspring3Application : Started Lcomputerspring3Application in 0.383 seconds (JVM running for 351.07) 
11:40:16.046 INFO  --- [restartedMain] c.l.e.Lcomputerspring3Application : Starting Lcomputerspring3Application using Java 17.0.5 on L1 with PID 10976 (C:\Users\L1A\Documents\work12\lcomputerspring3\bin\main started by L1A in C:\Users\L1A\Documents\work12\lcomputerspring3) 
11:40:16.046 DEBUG --- [restartedMain] c.l.e.Lcomputerspring3Application : Running with Spring Boot v2.7.10, Spring v5.3.26 
11:40:16.046 INFO  --- [restartedMain] c.l.e.Lcomputerspring3Application : No active profile set, falling back to 1 default profile: "default" 
11:40:16.406 INFO  --- [restartedMain] c.l.e.Lcomputerspring3Application : Started Lcomputerspring3Application in 0.377 seconds (JVM running for 355.962) 
11:41:11.368 DEBUG --- [http-nio-8080-exec-2] c.l.e.mapper.BoardMapper.writePost : ==>  Preparing: INSERT INTO lc_board( b_title, b_content, b_writer, b_datetime, u_id ) VALUES ( ?, ?, ?, now(), ? ) 
11:41:11.368 DEBUG --- [http-nio-8080-exec-2] c.l.e.mapper.BoardMapper.writePost : ==> Parameters: null, null, null, null 
11:41:11.377 DEBUG --- [http-nio-8080-exec-2] c.l.e.mapper.BoardMapper.writePost : <==    Updates: 1 
11:43:15.435 WARN  --- [Thread-23] o.a.c.loader.WebappClassLoaderBase : The web application [ROOT] appears to have started a thread named [HikariPool-5 housekeeper] but has failed to stop it. This is very likely to create a memory leak. Stack trace of thread:
 java.base@17.0.5/jdk.internal.misc.Unsafe.park(Native Method)
 java.base@17.0.5/java.util.concurrent.locks.LockSupport.parkNanos(LockSupport.java:252)
 java.base@17.0.5/java.util.concurrent.locks.AbstractQueuedSynchronizer$ConditionObject.awaitNanos(AbstractQueuedSynchronizer.java:1672)
 java.base@17.0.5/java.util.concurrent.ScheduledThreadPoolExecutor$DelayedWorkQueue.take(ScheduledThreadPoolExecutor.java:1182)
 java.base@17.0.5/java.util.concurrent.ScheduledThreadPoolExecutor$DelayedWorkQueue.take(ScheduledThreadPoolExecutor.java:899)
 java.base@17.0.5/java.util.concurrent.ThreadPoolExecutor.getTask(ThreadPoolExecutor.java:1062)
 java.base@17.0.5/java.util.concurrent.ThreadPoolExecutor.runWorker(ThreadPoolExecutor.java:1122)
 java.base@17.0.5/java.util.concurrent.ThreadPoolExecutor$Worker.run(ThreadPoolExecutor.java:635)
 java.base@17.0.5/java.lang.Thread.run(Thread.java:833) 
11:43:15.493 INFO  --- [restartedMain] c.l.e.Lcomputerspring3Application : Starting Lcomputerspring3Application using Java 17.0.5 on L1 with PID 10976 (C:\Users\L1A\Documents\work12\lcomputerspring3\bin\main started by L1A in C:\Users\L1A\Documents\work12\lcomputerspring3) 
11:43:15.493 DEBUG --- [restartedMain] c.l.e.Lcomputerspring3Application : Running with Spring Boot v2.7.10, Spring v5.3.26 
11:43:15.493 INFO  --- [restartedMain] c.l.e.Lcomputerspring3Application : No active profile set, falling back to 1 default profile: "default" 
11:43:15.894 INFO  --- [restartedMain] c.l.e.Lcomputerspring3Application : Started Lcomputerspring3Application in 0.42 seconds (JVM running for 535.448) 
11:43:17.351 INFO  --- [restartedMain] c.l.e.Lcomputerspring3Application : Starting Lcomputerspring3Application using Java 17.0.5 on L1 with PID 10976 (C:\Users\L1A\Documents\work12\lcomputerspring3\bin\main started by L1A in C:\Users\L1A\Documents\work12\lcomputerspring3) 
11:43:17.351 DEBUG --- [restartedMain] c.l.e.Lcomputerspring3Application : Running with Spring Boot v2.7.10, Spring v5.3.26 
11:43:17.351 INFO  --- [restartedMain] c.l.e.Lcomputerspring3Application : No active profile set, falling back to 1 default profile: "default" 
11:43:17.720 INFO  --- [restartedMain] c.l.e.Lcomputerspring3Application : Started Lcomputerspring3Application in 0.385 seconds (JVM running for 537.275) 
11:43:21.237 INFO  --- [restartedMain] c.l.e.Lcomputerspring3Application : Starting Lcomputerspring3Application using Java 17.0.5 on L1 with PID 10976 (C:\Users\L1A\Documents\work12\lcomputerspring3\bin\main started by L1A in C:\Users\L1A\Documents\work12\lcomputerspring3) 
11:43:21.237 DEBUG --- [restartedMain] c.l.e.Lcomputerspring3Application : Running with Spring Boot v2.7.10, Spring v5.3.26 
11:43:21.237 INFO  --- [restartedMain] c.l.e.Lcomputerspring3Application : No active profile set, falling back to 1 default profile: "default" 
11:43:21.589 INFO  --- [restartedMain] c.l.e.Lcomputerspring3Application : Started Lcomputerspring3Application in 0.368 seconds (JVM running for 541.144) 
11:43:26.145 INFO  --- [restartedMain] c.l.e.Lcomputerspring3Application : Starting Lcomputerspring3Application using Java 17.0.5 on L1 with PID 10976 (C:\Users\L1A\Documents\work12\lcomputerspring3\bin\main started by L1A in C:\Users\L1A\Documents\work12\lcomputerspring3) 
11:43:26.145 DEBUG --- [restartedMain] c.l.e.Lcomputerspring3Application : Running with Spring Boot v2.7.10, Spring v5.3.26 
11:43:26.146 INFO  --- [restartedMain] c.l.e.Lcomputerspring3Application : No active profile set, falling back to 1 default profile: "default" 
11:43:26.497 INFO  --- [restartedMain] c.l.e.Lcomputerspring3Application : Started Lcomputerspring3Application in 0.367 seconds (JVM running for 546.053) 
11:44:03.719 DEBUG --- [http-nio-8080-exec-4] c.l.e.mapper.BoardMapper.writePost : ==>  Preparing: INSERT INTO lc_board( b_title, b_content, b_writer, b_datetime, u_id ) VALUES ( ?, ?, ?, now(), ? ) 
11:44:03.719 DEBUG --- [http-nio-8080-exec-4] c.l.e.mapper.BoardMapper.writePost : ==> Parameters: null, null, null, null 
11:44:03.728 DEBUG --- [http-nio-8080-exec-4] c.l.e.mapper.BoardMapper.writePost : <==    Updates: 1 
11:45:52.965 WARN  --- [Thread-39] o.a.c.loader.WebappClassLoaderBase : The web application [ROOT] appears to have started a thread named [HikariPool-6 housekeeper] but has failed to stop it. This is very likely to create a memory leak. Stack trace of thread:
 java.base@17.0.5/jdk.internal.misc.Unsafe.park(Native Method)
 java.base@17.0.5/java.util.concurrent.locks.LockSupport.parkNanos(LockSupport.java:252)
 java.base@17.0.5/java.util.concurrent.locks.AbstractQueuedSynchronizer$ConditionObject.awaitNanos(AbstractQueuedSynchronizer.java:1672)
 java.base@17.0.5/java.util.concurrent.ScheduledThreadPoolExecutor$DelayedWorkQueue.take(ScheduledThreadPoolExecutor.java:1182)
 java.base@17.0.5/java.util.concurrent.ScheduledThreadPoolExecutor$DelayedWorkQueue.take(ScheduledThreadPoolExecutor.java:899)
 java.base@17.0.5/java.util.concurrent.ThreadPoolExecutor.getTask(ThreadPoolExecutor.java:1062)
 java.base@17.0.5/java.util.concurrent.ThreadPoolExecutor.runWorker(ThreadPoolExecutor.java:1122)
 java.base@17.0.5/java.util.concurrent.ThreadPoolExecutor$Worker.run(ThreadPoolExecutor.java:635)
 java.base@17.0.5/java.lang.Thread.run(Thread.java:833) 
11:45:53.023 INFO  --- [restartedMain] c.l.e.Lcomputerspring3Application : Starting Lcomputerspring3Application using Java 17.0.5 on L1 with PID 10976 (C:\Users\L1A\Documents\work12\lcomputerspring3\bin\main started by L1A in C:\Users\L1A\Documents\work12\lcomputerspring3) 
11:45:53.023 DEBUG --- [restartedMain] c.l.e.Lcomputerspring3Application : Running with Spring Boot v2.7.10, Spring v5.3.26 
11:45:53.023 INFO  --- [restartedMain] c.l.e.Lcomputerspring3Application : No active profile set, falling back to 1 default profile: "default" 
11:45:53.442 INFO  --- [restartedMain] c.l.e.Lcomputerspring3Application : Started Lcomputerspring3Application in 0.437 seconds (JVM running for 692.997) 
11:46:41.818 INFO  --- [restartedMain] c.l.e.Lcomputerspring3Application : Starting Lcomputerspring3Application using Java 17.0.5 on L1 with PID 10976 (C:\Users\L1A\Documents\work12\lcomputerspring3\bin\main started by L1A in C:\Users\L1A\Documents\work12\lcomputerspring3) 
11:46:41.818 DEBUG --- [restartedMain] c.l.e.Lcomputerspring3Application : Running with Spring Boot v2.7.10, Spring v5.3.26 
11:46:41.818 INFO  --- [restartedMain] c.l.e.Lcomputerspring3Application : No active profile set, falling back to 1 default profile: "default" 
11:46:42.240 INFO  --- [restartedMain] c.l.e.Lcomputerspring3Application : Started Lcomputerspring3Application in 0.442 seconds (JVM running for 741.795) 
11:46:48.787 INFO  --- [restartedMain] c.l.e.Lcomputerspring3Application : Starting Lcomputerspring3Application using Java 17.0.5 on L1 with PID 10976 (C:\Users\L1A\Documents\work12\lcomputerspring3\bin\main started by L1A in C:\Users\L1A\Documents\work12\lcomputerspring3) 
11:46:48.787 DEBUG --- [restartedMain] c.l.e.Lcomputerspring3Application : Running with Spring Boot v2.7.10, Spring v5.3.26 
11:46:48.787 INFO  --- [restartedMain] c.l.e.Lcomputerspring3Application : No active profile set, falling back to 1 default profile: "default" 
11:46:49.150 INFO  --- [restartedMain] c.l.e.Lcomputerspring3Application : Started Lcomputerspring3Application in 0.38 seconds (JVM running for 748.705) 
11:46:56.764 INFO  --- [restartedMain] c.l.e.Lcomputerspring3Application : Starting Lcomputerspring3Application using Java 17.0.5 on L1 with PID 10976 (C:\Users\L1A\Documents\work12\lcomputerspring3\bin\main started by L1A in C:\Users\L1A\Documents\work12\lcomputerspring3) 
11:46:56.764 DEBUG --- [restartedMain] c.l.e.Lcomputerspring3Application : Running with Spring Boot v2.7.10, Spring v5.3.26 
11:46:56.765 INFO  --- [restartedMain] c.l.e.Lcomputerspring3Application : No active profile set, falling back to 1 default profile: "default" 
11:46:57.129 INFO  --- [restartedMain] c.l.e.Lcomputerspring3Application : Started Lcomputerspring3Application in 0.379 seconds (JVM running for 756.684) 
11:47:26.127 DEBUG --- [http-nio-8080-exec-2] c.l.e.mapper.BoardMapper.writePost : ==>  Preparing: INSERT INTO lc_board( b_title, b_content, b_writer, b_datetime, u_id ) VALUES ( ?, ?, ?, now(), ? ) 
11:47:26.128 DEBUG --- [http-nio-8080-exec-2] c.l.e.mapper.BoardMapper.writePost : ==> Parameters: null, null, null, null 
11:47:26.137 DEBUG --- [http-nio-8080-exec-2] c.l.e.mapper.BoardMapper.writePost : <==    Updates: 1 
11:50:07.504 WARN  --- [Thread-55] o.a.c.loader.WebappClassLoaderBase : The web application [ROOT] appears to have started a thread named [HikariPool-7 housekeeper] but has failed to stop it. This is very likely to create a memory leak. Stack trace of thread:
 java.base@17.0.5/jdk.internal.misc.Unsafe.park(Native Method)
 java.base@17.0.5/java.util.concurrent.locks.LockSupport.parkNanos(LockSupport.java:252)
 java.base@17.0.5/java.util.concurrent.locks.AbstractQueuedSynchronizer$ConditionObject.awaitNanos(AbstractQueuedSynchronizer.java:1672)
 java.base@17.0.5/java.util.concurrent.ScheduledThreadPoolExecutor$DelayedWorkQueue.take(ScheduledThreadPoolExecutor.java:1182)
 java.base@17.0.5/java.util.concurrent.ScheduledThreadPoolExecutor$DelayedWorkQueue.take(ScheduledThreadPoolExecutor.java:899)
 java.base@17.0.5/java.util.concurrent.ThreadPoolExecutor.getTask(ThreadPoolExecutor.java:1062)
 java.base@17.0.5/java.util.concurrent.ThreadPoolExecutor.runWorker(ThreadPoolExecutor.java:1122)
 java.base@17.0.5/java.util.concurrent.ThreadPoolExecutor$Worker.run(ThreadPoolExecutor.java:635)
 java.base@17.0.5/java.lang.Thread.run(Thread.java:833) 
11:50:07.559 INFO  --- [restartedMain] c.l.e.Lcomputerspring3Application : Starting Lcomputerspring3Application using Java 17.0.5 on L1 with PID 10976 (C:\Users\L1A\Documents\work12\lcomputerspring3\bin\main started by L1A in C:\Users\L1A\Documents\work12\lcomputerspring3) 
11:50:07.559 DEBUG --- [restartedMain] c.l.e.Lcomputerspring3Application : Running with Spring Boot v2.7.10, Spring v5.3.26 
11:50:07.559 INFO  --- [restartedMain] c.l.e.Lcomputerspring3Application : No active profile set, falling back to 1 default profile: "default" 
11:50:07.943 INFO  --- [restartedMain] c.l.e.Lcomputerspring3Application : Started Lcomputerspring3Application in 0.401 seconds (JVM running for 947.497) 
11:50:40.090 INFO  --- [restartedMain] c.l.e.Lcomputerspring3Application : Starting Lcomputerspring3Application using Java 17.0.5 on L1 with PID 10976 (C:\Users\L1A\Documents\work12\lcomputerspring3\bin\main started by L1A in C:\Users\L1A\Documents\work12\lcomputerspring3) 
11:50:40.090 DEBUG --- [restartedMain] c.l.e.Lcomputerspring3Application : Running with Spring Boot v2.7.10, Spring v5.3.26 
11:50:40.090 INFO  --- [restartedMain] c.l.e.Lcomputerspring3Application : No active profile set, falling back to 1 default profile: "default" 
11:50:40.440 INFO  --- [restartedMain] c.l.e.Lcomputerspring3Application : Started Lcomputerspring3Application in 0.365 seconds (JVM running for 979.996) 
11:50:55.234 INFO  --- [restartedMain] c.l.e.Lcomputerspring3Application : Starting Lcomputerspring3Application using Java 17.0.5 on L1 with PID 10976 (C:\Users\L1A\Documents\work12\lcomputerspring3\bin\main started by L1A in C:\Users\L1A\Documents\work12\lcomputerspring3) 
11:50:55.235 DEBUG --- [restartedMain] c.l.e.Lcomputerspring3Application : Running with Spring Boot v2.7.10, Spring v5.3.26 
11:50:55.235 INFO  --- [restartedMain] c.l.e.Lcomputerspring3Application : No active profile set, falling back to 1 default profile: "default" 
11:50:55.617 INFO  --- [restartedMain] c.l.e.Lcomputerspring3Application : Started Lcomputerspring3Application in 0.397 seconds (JVM running for 995.172) 
11:50:59.141 INFO  --- [restartedMain] c.l.e.Lcomputerspring3Application : Starting Lcomputerspring3Application using Java 17.0.5 on L1 with PID 10976 (C:\Users\L1A\Documents\work12\lcomputerspring3\bin\main started by L1A in C:\Users\L1A\Documents\work12\lcomputerspring3) 
11:50:59.141 DEBUG --- [restartedMain] c.l.e.Lcomputerspring3Application : Running with Spring Boot v2.7.10, Spring v5.3.26 
11:50:59.141 INFO  --- [restartedMain] c.l.e.Lcomputerspring3Application : No active profile set, falling back to 1 default profile: "default" 
11:50:59.494 INFO  --- [restartedMain] c.l.e.Lcomputerspring3Application : Started Lcomputerspring3Application in 0.369 seconds (JVM running for 999.05) 
11:51:10.447 DEBUG --- [http-nio-8080-exec-2] c.l.e.mapper.BoardMapper.writePost : ==>  Preparing: INSERT INTO lc_board( b_title, b_content, b_writer, b_datetime, u_id ) VALUES ( ?, ?, ?, now(), ? ) 
11:51:10.447 DEBUG --- [http-nio-8080-exec-2] c.l.e.mapper.BoardMapper.writePost : ==> Parameters: null, null, null, null 
11:51:10.455 DEBUG --- [http-nio-8080-exec-2] c.l.e.mapper.BoardMapper.writePost : <==    Updates: 1 
11:52:07.684 WARN  --- [Thread-71] o.a.c.loader.WebappClassLoaderBase : The web application [ROOT] appears to have started a thread named [HikariPool-8 housekeeper] but has failed to stop it. This is very likely to create a memory leak. Stack trace of thread:
 java.base@17.0.5/jdk.internal.misc.Unsafe.park(Native Method)
 java.base@17.0.5/java.util.concurrent.locks.LockSupport.parkNanos(LockSupport.java:252)
 java.base@17.0.5/java.util.concurrent.locks.AbstractQueuedSynchronizer$ConditionObject.awaitNanos(AbstractQueuedSynchronizer.java:1672)
 java.base@17.0.5/java.util.concurrent.ScheduledThreadPoolExecutor$DelayedWorkQueue.take(ScheduledThreadPoolExecutor.java:1182)
 java.base@17.0.5/java.util.concurrent.ScheduledThreadPoolExecutor$DelayedWorkQueue.take(ScheduledThreadPoolExecutor.java:899)
 java.base@17.0.5/java.util.concurrent.ThreadPoolExecutor.getTask(ThreadPoolExecutor.java:1062)
 java.base@17.0.5/java.util.concurrent.ThreadPoolExecutor.runWorker(ThreadPoolExecutor.java:1122)
 java.base@17.0.5/java.util.concurrent.ThreadPoolExecutor$Worker.run(ThreadPoolExecutor.java:635)
 java.base@17.0.5/java.lang.Thread.run(Thread.java:833) 
11:52:07.739 INFO  --- [restartedMain] c.l.e.Lcomputerspring3Application : Starting Lcomputerspring3Application using Java 17.0.5 on L1 with PID 10976 (C:\Users\L1A\Documents\work12\lcomputerspring3\bin\main started by L1A in C:\Users\L1A\Documents\work12\lcomputerspring3) 
11:52:07.739 DEBUG --- [restartedMain] c.l.e.Lcomputerspring3Application : Running with Spring Boot v2.7.10, Spring v5.3.26 
11:52:07.739 INFO  --- [restartedMain] c.l.e.Lcomputerspring3Application : No active profile set, falling back to 1 default profile: "default" 
11:52:08.103 INFO  --- [restartedMain] c.l.e.Lcomputerspring3Application : Started Lcomputerspring3Application in 0.378 seconds (JVM running for 1067.657) 
11:52:17.055 DEBUG --- [http-nio-8080-exec-2] c.l.e.mapper.BoardMapper.writePost : ==>  Preparing: INSERT INTO lc_board( b_title, b_content, b_writer, b_datetime, u_id ) VALUES ( ?, ?, ?, now(), ? ) 
11:52:17.055 DEBUG --- [http-nio-8080-exec-2] c.l.e.mapper.BoardMapper.writePost : ==> Parameters: null, null, null, null 
11:52:17.064 DEBUG --- [http-nio-8080-exec-2] c.l.e.mapper.BoardMapper.writePost : <==    Updates: 1 
11:54:14.487 WARN  --- [RMI TCP Connection(23)-127.0.0.1] o.a.c.loader.WebappClassLoaderBase : The web application [ROOT] appears to have started a thread named [HikariPool-9 housekeeper] but has failed to stop it. This is very likely to create a memory leak. Stack trace of thread:
 java.base@17.0.5/jdk.internal.misc.Unsafe.park(Native Method)
 java.base@17.0.5/java.util.concurrent.locks.LockSupport.parkNanos(LockSupport.java:252)
 java.base@17.0.5/java.util.concurrent.locks.AbstractQueuedSynchronizer$ConditionObject.awaitNanos(AbstractQueuedSynchronizer.java:1672)
 java.base@17.0.5/java.util.concurrent.ScheduledThreadPoolExecutor$DelayedWorkQueue.take(ScheduledThreadPoolExecutor.java:1182)
 java.base@17.0.5/java.util.concurrent.ScheduledThreadPoolExecutor$DelayedWorkQueue.take(ScheduledThreadPoolExecutor.java:899)
 java.base@17.0.5/java.util.concurrent.ThreadPoolExecutor.getTask(ThreadPoolExecutor.java:1062)
 java.base@17.0.5/java.util.concurrent.ThreadPoolExecutor.runWorker(ThreadPoolExecutor.java:1122)
 java.base@17.0.5/java.util.concurrent.ThreadPoolExecutor$Worker.run(ThreadPoolExecutor.java:635)
 java.base@17.0.5/java.lang.Thread.run(Thread.java:833) 
